[10:35:45] 7296875-> CalcExpense: 114 7243000
[10:35:46] 7297890-> CalcExpense: 115 7243000
[10:35:47] 7298890-> CalcExpense: 116 7243000
[10:35:48] 7299906-> CalcExpense: 117 7243000
[10:35:49] 7300906-> CalcExpense: 118 7243000
[10:35:50] 7301906-> CalcExpense: 119 7243000
[10:35:51] 7302906-> CalcExpense: 120 7243000
[10:35:52] 7303921-> CalcExpense: 121 7243000
[10:35:52] 7303921------------------------------> nExpense: 0.30
[10:35:52] WARNING: Dropped Connection From 192.168.0.214, Error:=4002
[10:36:29] m_tConnected-> 7341015
[10:36:31] 7343015-> CalcExpense: 3 0
[10:36:31] 7343015------------------------------> nExpense: 0.10
[10:36:32] 7344109-> CalcExpense: 4 7341015
[10:36:33] 7345109-> CalcExpense: 5 7341015
[10:36:34] 7346109-> CalcExpense: 6 7341015
[10:36:35] 7347109-> CalcExpense: 7 7341015
[10:36:36] 7348125-> CalcExpense: 8 7341015
[10:36:37] 7349125-> CalcExpense: 9 7341015
[10:36:38] 7350140-> CalcExpense: 10 7341015
[10:36:39] 7351140-> CalcExpense: 11 7341015
[10:36:40] 7352140-> CalcExpense: 12 7341015
[10:36:41] 7353156-> CalcExpense: 13 7341015
[10:36:42] 7354156-> CalcExpense: 14 7341015
[10:36:43] 7355171-> CalcExpense: 15 7341015
[10:36:44] 7356171-> CalcExpense: 16 7341015
[10:36:45] 7357171-> CalcExpense: 17 7341015
[10:36:46] 7358171-> CalcExpense: 18 7341015
[10:36:47] 7359187-> CalcExpense: 19 7341015
[10:36:48] 7360187-> CalcExpense: 20 7341015
[10:36:49] 7361187-> CalcExpense: 21 7341015
[10:36:50] 7362203-> CalcExpense: 22 7341015
[10:36:51] 7363203-> CalcExpense: 23 7341015
[10:36:52] 7364218-> CalcExpense: 24 7341015
[10:36:53] 7365218-> CalcExpense: 25 7341015
[10:36:54] 7366218-> CalcExpense: 26 7341015
[10:36:55] 7367234-> CalcExpense: 27 7341015
[10:36:56] 7368234-> CalcExpense: 28 7341015
[10:36:57] 7369234-> CalcExpense: 29 7341015
[10:36:58] 7370250-> CalcExpense: 30 7341015
[10:36:59] 7371250-> CalcExpense: 31 7341015
[10:37:00] 7372250-> CalcExpense: 32 7341015
[10:37:01] 7373265-> CalcExpense: 33 7341015
[10:37:02] 7374265-> CalcExpense: 34 7341015
[10:37:03] 7375281-> CalcExpense: 35 7341015
[10:37:04] 7376281-> CalcExpense: 36 7341015
[10:37:05] 7377281-> CalcExpense: 37 7341015
[10:37:06] 7378281-> CalcExpense: 38 7341015
[10:37:07] 7379296-> CalcExpense: 39 7341015
[10:37:08] 7380296-> CalcExpense: 40 7341015
[10:37:09] 7381312-> CalcExpense: 41 7341015
[10:37:10] 7382312-> CalcExpense: 42 7341015
[10:37:11] 7383312-> CalcExpense: 43 7341015
[10:37:12] 7384328-> CalcExpense: 44 7341015
[10:37:13] 7385328-> CalcExpense: 45 7341015
[10:37:14] 7386328-> CalcExpense: 46 7341015
[10:37:15] 7387328-> CalcExpense: 47 7341015
[10:37:16] 7388343-> CalcExpense: 48 7341015
[10:37:17] 7389343-> CalcExpense: 49 7341015
[10:37:18] 7390359-> CalcExpense: 50 7341015
[10:37:19] 7391359-> CalcExpense: 51 7341015
[10:37:20] 7392359-> CalcExpense: 52 7341015
[10:37:21] 7393375-> CalcExpense: 53 7341015
[10:37:22] 7394390-> CalcExpense: 54 7341015
[10:37:23] 7395390-> CalcExpense: 55 7341015
[10:37:24] 7396390-> CalcExpense: 56 7341015
[10:37:25] 7397406-> CalcExpense: 57 7341015
[10:37:26] 7398406-> CalcExpense: 58 7341015
[10:37:27] 7399406-> CalcExpense: 59 7341015
[10:37:28] 7400421-> CalcExpense: 60 7341015
[10:37:29] 7401421-> CalcExpense: 61 7341015
[10:37:29] 7401437------------------------------> nExpense: 0.20
[10:37:29] WARNING: Dropped Connection From 192.168.0.214, Error:=4002
[10:37:59] WARNING: Dropped Connection From 192.168.0.214, Error:=4002
[10:38:18] 程序退出
[10:41:23] 成功加载网络
[10:41:23] 程序启动
[10:41:34] 程序退出
[10:41:36] 成功加载网络
[10:41:36] 程序启动
[10:46:01] WARNING: Dropped Connection From 192.168.0.214, Error:=4002
[10:47:35] WARNING: Dropped Connection From 192.168.0.214, Error:=4002
[10:49:12] 程序退出
[11:09:53] 成功加载网络
[11:09:53] 程序启动
[11:12:33] 成功加载网络
[11:12:34] 程序启动
[11:23:04] 成功加载网络
[11:23:05] 程序启动
[11:29:58] 成功加载网络
[11:29:58] 程序启动
[11:34:34] 成功加载网络
[11:34:34] 程序启动
[11:51:01] 成功加载网络
[11:51:01] 程序启动
[11:51:56] 程序退出
[11:54:23] 成功加载网络
[11:54:23] 程序启动
[11:55:47] 程序退出
[11:58:06] 成功加载网络
[11:58:06] 程序启动
[11:58:41] 程序退出
[22:34:19] 成功加载网络
[22:34:19] 程序启动
[22:38:11] 成功加载网络
[22:38:11] 程序启动
[22:42:40] 程序退出
[22:46:16] 成功加载网络
[22:46:16] 程序启动
[22:51:20] 成功加载网络
[22:51:20] 程序启动
[01:44:27] 成功加载网络
[01:44:28] 程序启动
[01:47:06] WARNING: Dropped Connection From 192.168.0.212, Error:=0
[01:48:38] WARNING: Dropped Connection From 192.168.0.212, Error:=0
[14:42:54] 成功加载网络
[14:42:54] 程序启动
[14:50:17] 成功加载网络
[14:50:17] 程序启动
[14:53:00] 成功加载网络
[14:53:01] 程序启动
[14:54:41] 成功加载网络
[14:54:41] 程序启动
[14:56:23] 成功加载网络
[14:56:23] 程序启动
[15:03:39] 成功加载网络
[15:03:40] 程序启动
[14:43:56] 成功加载网络
[14:43:57] 程序启动
[14:50:56] 成功加载网络
[14:50:56] 程序启动
[16:24:14] 成功加载网络
[16:24:14] 程序启动
[16:44:44] 成功加载网络
[16:44:44] 程序启动
[16:44:53] 程序退出
[16:48:41] 成功加载网络
[16:48:41] 程序启动
[16:51:12] 成功加载网络
[16:51:13] 程序启动
[16:57:47] 成功加载网络
[16:57:48] 程序启动
[16:59:12] 成功加载网络
[16:59:12] 程序启动
[17:00:28] 成功加载网络
[17:00:28] 程序启动
[17:01:57] 成功加载网络
[17:01:57] 程序启动
[17:06:00] 成功加载网络
[17:06:00] 程序启动
[17:10:06] 成功加载网络
[17:10:06] 程序启动
[17:22:38] 成功加载网络
[17:22:38] 程序启动
[17:23:59] 成功加载网络
[17:24:00] 程序启动
[17:25:48] WARNING: Dropped Connection From 127.0.0.1, Error:=258
[17:27:51] WARNING: Dropped Connection From 127.0.0.1, Error:=258
[17:29:56] WARNING: Dropped Connection From 127.0.0.1, Error:=258
[17:30:06] 程序退出
[17:31:44] 成功加载网络
[17:31:44] 程序启动
[17:32:13]              -> xjsjbh:=
[17:32:21] 程序退出
[17:32:34] 成功加载网络
[17:32:34] 程序启动
[17:32:46]              -> xjsjbh:=80011
[17:33:05]              -> xjsjbh:=8001
[17:33:20]              -> xjsjbh:=1
[17:33:46]              -> xjsjbh:=81111
[17:34:05]              -> xjsjbh:=8111
[17:34:21]              -> xjsjbh:=1111
[17:38:45]              -> xjsjbh:=21341
[17:45:03] 成功加载网络
[17:45:04] 程序启动
[17:47:58] 成功加载网络
[17:47:58] 程序启动
[17:48:30] 成功加载网络
[17:48:30] 程序启动
[17:49:28]              -> xjsjbh:=26661
[17:49:36] 程序退出
[17:50:37] 成功加载网络
[17:50:37] 程序启动
[17:51:27]              -> xjsjbh:=26662
[17:51:32] 程序退出
[17:52:24] 成功加载网络
[17:52:25] 程序启动
[17:54:43] 成功加载网络
[17:54:43] 程序启动
[17:56:39]              -> xjsjbh:=26662
[17:56:41] 程序退出
[17:57:03] 成功加载网络
[17:57:03] 程序启动
[17:58:28]              -> xjsjbh:=26669
[17:58:34] 程序退出
[17:58:47] 成功加载网络
[17:58:48] 程序启动
[18:00:30] 成功加载网络
[18:00:30] 程序启动
[18:01:23]              -> xjsjbh:=26661
[18:01:27] 程序退出
[18:01:38] 成功加载网络
[18:01:39] 程序启动
[18:03:00]              -> xjsjbh:=80011
[18:03:45]              -> xjsjbh:=8001
[18:04:16]              -> xjsjbh:=1
[18:05:08]              -> xjsjbh:=81111
[18:05:51]              -> xjsjbh:=8111
[18:06:35]              -> xjsjbh:=1111
[18:07:23]              -> xjsjbh:=26661
[18:08:18]              -> xjsjbh:=26669
[18:08:59]              -> xjsjbh:=26669
[18:10:00]              -> xjsjbh:=26662
[18:12:45] 成功加载网络
[18:12:45] 程序启动
[18:13:36]              -> xjsjbh:=26662
[18:13:39] 程序退出
[18:14:27] 成功加载网络
[18:14:27] 程序启动
[18:16:23]              -> xjsjbh:=26661
[18:16:39] 程序退出
[18:18:27] 成功加载网络
[18:18:27] 程序启动
[18:19:17] 成功加载网络
[18:19:18] 程序启动
[18:20:23]              -> xjsjbh:=26661
[18:20:27] 程序退出
[18:21:45] 成功加载网络
[18:21:46] 程序启动
[18:22:27]              -> xjsjbh:=26661
[18:22:29] 程序退出
[18:26:27] 成功加载网络
[18:26:27] 程序启动
[18:27:27] 成功加载网络
[18:27:28] 程序启动
[18:28:33] 成功加载网络
[18:28:33] 程序启动
[18:38:26] 成功加载网络
[18:38:26] 程序启动
[18:39:32] 成功加载网络
[18:39:32] 程序启动
[18:40:20]              -> xjsjbh:=2666
[18:41:30]              -> xjsjbh:=26660
[18:42:02]              -> xjsjbh:=2666
[18:42:52]              -> xjsjbh:=2666
[18:43:41]              -> xjsjbh:=26661
[18:44:27]              -> xjsjbh:=26669
[18:45:17]              -> xjsjbh:=26669
[18:45:20] 程序退出
[18:45:42] 成功加载网络
[18:45:42] 程序启动
[18:49:23]              -> xjsjbh:=80011
[18:49:25] 程序退出
[18:49:29] 成功加载网络
[18:49:30] 程序启动
[22:10:55] 成功加载网络
[22:10:55] 程序启动
[22:12:58] 成功加载网络
[22:12:58] 程序启动
[22:13:44]              -> xjsjbh:=80011
[22:15:44]              -> xjsjbh:=8001
[22:16:47]              -> xjsjbh:=8001
[22:17:32]              -> xjsjbh:=1
[22:18:38]              -> xjsjbh:=81111
[22:20:06]              -> xjsjbh:=8111
[22:20:46]              -> xjsjbh:=1111
[22:22:19]              -> xjsjbh:=26661
[22:23:50]              -> xjsjbh:=26669
[22:24:24]              -> xjsjbh:=26669
[22:25:36]              -> xjsjbh:=26669
[22:27:25]              -> xjsjbh:=26661
[22:28:51]              -> xjsjbh:=26661
[22:29:48]              -> xjsjbh:=26669
[22:30:53]              -> xjsjbh:=26661
[22:34:39]              -> xjsjbh:=2666
[22:36:33]              -> xjsjbh:=2666
[22:39:41] 成功加载网络
[22:39:42] 程序启动
[22:41:08]              -> xjsjbh:=26660
[22:41:31] 程序退出
[22:42:16] 成功加载网络
[22:42:16] 程序启动
[22:43:34]              -> xjsjbh:=2666
[22:45:07] 成功加载网络
[22:45:07] 程序启动
[22:45:58]              -> xjsjbh:=26660
[22:46:47]              -> xjsjbh:=26661
[22:51:09]              -> xjsjbh:=26661
[22:52:09]              -> xjsjbh:=26669
[22:53:36]              -> xjsjbh:=26662
[22:54:34]              -> xjsjbh:=26662
[22:55:31]              -> xjsjbh:=26662
[22:56:51]              -> xjsjbh:=2666156
[22:59:45]              -> xjsjbh:=22220
[23:00:25]              -> xjsjbh:=22220
[23:00:58] 程序退出
[23:01:17] 成功加载网络
[23:01:17] 程序启动
[23:02:16]              -> xjsjbh:=22220
[23:02:19] 程序退出
[23:05:05] 成功加载网络
[23:05:05] 程序启动
[23:06:35]              -> xjsjbh:=2222
[23:07:39]              -> xjsjbh:=22220
[23:08:28]              -> xjsjbh:=22220
[23:10:29]              -> xjsjbh:=8001
[23:22:49]              -> xjsjbh:=80011
[23:24:15]              -> xjsjbh:=8001
[23:26:12]              -> xjsjbh:=8001
[23:27:57]              -> xjsjbh:=80011
[23:28:18]              -> xjsjbh:=80011
[23:29:16]              -> xjsjbh:=8001
[23:30:04]              -> xjsjbh:=8001
[23:30:47]              -> xjsjbh:=1
[23:31:45]              -> xjsjbh:=8111
[23:34:38]              -> xjsjbh:=81111
[23:35:35]              -> xjsjbh:=81111
[23:37:31]              -> xjsjbh:=81111
[23:40:06]              -> xjsjbh:=81111
[23:40:34]              -> xjsjbh:=8111
[23:41:19]              -> xjsjbh:=81111
[23:42:15]              -> xjsjbh:=8111
[23:42:34]              -> xjsjbh:=1111
[23:43:47] 成功加载网络
[23:43:48] 程序启动
[23:44:48]              -> xjsjbh:=26661
[23:45:46]              -> xjsjbh:=26669
[23:47:34]              -> xjsjbh:=26662
[23:49:47]              -> xjsjbh:=26662
[23:50:41]              -> xjsjbh:=26660
[23:51:37]              -> xjsjbh:=26662
[23:53:41]              -> xjsjbh:=22220
[23:56:00]              -> xjsjbh:=2222
[23:57:32]              -> xjsjbh:=22220
[00:00:43]              -> xjsjbh:=2222
[00:04:23] 程序退出
[14:00:47] 成功加载网络
[14:00:47] 程序启动
[14:00:48] 程序退出
[14:01:35] 成功加载网络
[14:01:35] 程序启动
[14:07:57] 成功加载网络
[14:07:57] 程序启动
[14:08:31]              -> xjsjbh:=80011
[14:10:22]              -> xjsjbh:=8001
[14:11:05]              -> xjsjbh:=80011
[14:11:58]              -> xjsjbh:=1
[14:12:36]              -> xjsjbh:=1
[14:13:42]              -> xjsjbh:=81111
[14:14:55]              -> xjsjbh:=8111
[14:15:40]              -> xjsjbh:=8111
[14:16:31]              -> xjsjbh:=1111
[14:18:20]              -> xjsjbh:=26661
[14:19:28]              -> xjsjbh:=26669
[14:20:14]              -> xjsjbh:=26669
[14:21:57]              -> xjsjbh:=26662
[14:23:46]              -> xjsjbh:=26662
[14:24:59]              -> xjsjbh:=26662
[14:25:48]              -> xjsjbh:=26660
[14:26:43]              -> xjsjbh:=26662
[14:28:05]              -> xjsjbh:=26662
[14:30:47]              -> xjsjbh:=22220
[14:32:20]              -> xjsjbh:=2222
[14:33:44]              -> xjsjbh:=2222
[14:34:18]              -> xjsjbh:=2222
[14:35:24]              -> xjsjbh:=2222
[14:36:31]              -> xjsjbh:=2222
[14:37:08]              -> xjsjbh:=2222
[14:37:28] 程序退出
[14:39:04] 成功加载网络
[14:39:04] 程序启动
[14:40:28]              -> xjsjbh:=25550
[14:41:19]              -> xjsjbh:=2555
[14:42:30]              -> xjsjbh:=25550
[14:45:39]              -> xjsjbh:=2555
[14:50:09] 程序退出
[22:10:37] 成功加载网络
[22:10:37] 程序启动
[22:11:23]              -> xjsjbh:=8001
[22:14:36]              -> xjsjbh:=8001
[22:15:44] WARNING: Dropped Connection From 127.0.0.1, Error:=4002
[22:16:35] 程序退出
[22:17:10] 成功加载网络
[22:17:11] 程序启动
[22:17:27]              -> xjsjbh:=8001
[22:18:35] WARNING: Dropped Connection From 127.0.0.1, Error:=4002
[22:21:34] 成功加载网络
[22:21:34] 程序启动
[22:21:42]              -> xjsjbh:=8001
[22:22:44] WARNING: Dropped Connection From 127.0.0.1, Error:=4002
[22:26:21] 成功加载网络
[22:26:21] 程序启动
[22:26:34]              -> xjsjbh:=8001
[22:27:37] WARNING: Dropped Connection From 127.0.0.1, Error:=4002
[22:32:21] 成功加载网络
[22:32:22] 程序启动
[22:32:34]              -> xjsjbh:=8001
[22:39:44] WARNING: Dropped Connection From 127.0.0.1, Error:=4002
[22:42:26] 程序退出
[22:43:07] 成功加载网络
[22:43:07] 程序启动
[22:43:24]              -> xjsjbh:=8001
[22:44:27] WARNING: Dropped Connection From 127.0.0.1, Error:=4002
[22:44:47] 程序退出
[22:43:21] 成功加载网络
[22:43:21] 程序启动
[09:41:30] 成功加载网络
[09:41:30] 程序启动
[09:43:05] 程序退出
[09:43:37] 成功加载网络
[09:43:37] 程序启动
[10:20:39] 成功加载网络
[10:20:40] 程序启动
[10:22:38] 成功加载网络
[10:22:38] 程序启动
[10:23:07] 程序退出
[10:23:42] 成功加载网络
[10:23:43] 程序启动
[10:24:12] 程序退出
[10:25:00] 成功加载网络
[10:25:00] 程序启动
[10:27:19] 成功加载网络
[10:27:19] 程序启动
[10:27:44] 程序退出
[10:27:58] 成功加载网络
[10:27:58] 程序启动
[10:28:04] 程序退出
[10:28:22] 成功加载网络
[10:28:22] 程序启动
[10:29:34] 程序退出
[15:47:30] 成功加载网络
[15:47:30] 程序启动
[15:51:44] 程序退出
[15:53:45] 成功加载网络
[15:53:46] 程序启动
[15:55:47] 程序退出
[14:21:29] 成功加载网络
[14:21:29] 程序启动
[14:22:56] RX:BND CATK 96031666 13056810254..
[14:22:57] TX:ERR 8888..
[14:23:01] RX:BND CAHK 057496031344 13867877813..
[14:23:02] TX:BND 2..
[14:23:02] TX:REC 0..
[14:23:04] RX:BND CABK 96031666 13056810254..
[14:23:04] TX:BND 1666..
[14:23:04] TX:REC 0..
[14:23:10] RX:TAK..
[14:23:10] RX:BND CATK 96031666 15957450007..
[14:23:10] TX:ERR 8888..
[14:23:11] RX:TAK..
[14:23:14] RX:BND CABK 96031666 15957450007..
[14:23:14] TX:BND 1666..
[14:23:14] TX:REC 0..
[14:23:15] TX:BYE..
[14:23:17] RX:BND CATK 96031666 13429243588..
[14:23:17] TX:ERR 8888..
[14:23:18] RX:TAK..
[14:23:18] RX:BND CAHK 96031666 15968988507 13056810254..
[14:23:18] TX:BND 2666..
[14:23:18] TX:REC 0..
[14:23:20] RX:BND CABK 96031666 13429243588..
[14:23:20] TX:BND 1666..
[14:23:20] TX:REC 0..
[14:23:25] RX:TAK..
[14:23:27] RX:TAK..
[14:28:09] WARNING: Dropped Connection From 192.168.0.2, Error:=10053
[14:29:09] WARNING: Dropped Connection From 192.168.0.2, Error:=10053
[14:29:40] WARNING: Dropped Connection From 192.168.0.2, Error:=258
[14:29:41] WARNING: Dropped Connection From 192.168.0.2, Error:=258
[14:29:42] WARNING: Dropped Connection From 192.168.0.2, Error:=258
[14:30:09] WARNING: Dropped Connection From 192.168.0.2, Error:=258
[14:30:10] WARNING: Dropped Connection From 192.168.0.2, Error:=258
[14:30:11] WARNING: Dropped Connection From 192.168.0.2, Error:=258
[14:30:13] WARNING: Dropped Connection From 192.168.0.2, Error:=258
[14:30:14] WARNING: Dropped Connection From 192.168.0.2, Error:=258
[14:30:15] WARNING: Dropped Connection From 192.168.0.2, Error:=258
[14:30:16] WARNING: Dropped Connection From 192.168.0.2, Error:=258
[14:30:17] WARNING: Dropped Connection From 192.168.0.2, Error:=258
[14:30:18] WARNING: Dropped Connection From 192.168.0.2, Error:=258
[14:30:19] WARNING: Dropped Connection From 192.168.0.2, Error:=258
[14:30:20] WARNING: Dropped Connection From 192.168.0.2, Error:=258
[14:30:21] WARNING: Dropped Connection From 192.168.0.2, Error:=258
[14:30:22] WARNING: Dropped Connection From 192.168.0.2, Error:=258
[14:30:23] WARNING: Dropped Connection From 192.168.0.2, Error:=258
[14:30:24] WARNING: Dropped Connection From 192.168.0.2, Error:=258
[14:30:25] WARNING: Dropped Connection From 192.168.0.2, Error:=258
[14:30:26] WARNING: Dropped Connection From 192.168.0.2, Error:=258
[14:30:27] WARNING: Dropped Connection From 192.168.0.2, Error:=258
[14:30:28] WARNING: Dropped Connection From 192.168.0.2, Error:=258
[14:30:29] WARNING: Dropped Connection From 192.168.0.2, Error:=258
[14:30:30] WARNING: Dropped Connection From 192.168.0.2, Error:=258
[14:30:31] WARNING: Dropped Connection From 192.168.0.2, Error:=258
[14:30:32] WARNING: Dropped Connection From 192.168.0.2, Error:=258
[14:30:33] WARNING: Dropped Connection From 192.168.0.2, Error:=258
[14:30:34] WARNING: Dropped Connection From 192.168.0.2, Error:=258
[14:30:35] WARNING: Dropped Connection From 192.168.0.2, Error:=258
[14:31:08] WARNING: Dropped Connection From 192.168.0.2, Error:=10053
[14:32:40] WARNING: Dropped Connection From 192.168.0.2, Error:=10053
[14:33:28] TX:BND 2222..
[14:33:28] RX:BND CAHK 96031222 013932698598 057481041305..
[14:33:28] TX:BND 2222..
[14:33:28] RX:TAK..
[14:33:28] TX:BYE..
[14:33:28] RX:BND CAHK 96031222 013060032631 057481041305..
[14:33:29] TX:BND 2222..
[14:33:29] RX:BND CAHK 96031222 15968080544 057496031..
[14:33:29] TX:BND 2222..
[14:33:29] RX:BND CAHK 96031222 013963357132 057481041305..
[14:33:29] TX:BND 2222..
[14:33:29] RX:BND CAHK 96031222 013560677032 057481041305..
[14:33:30] TX:BND 2222..
[14:33:30] TX:BYE..
[14:33:30] TX:BYE..
[14:33:30] TX:BYE..
[14:33:30] TX:BYE..
[14:33:30] TX:BYE..
[14:33:30] TX:BYE..
[14:33:30] TX:BYE..
[14:33:30] TX:BYE..
[14:33:30] TX:BYE..
[14:33:30] TX:BYE..
[14:33:30] TX:BYE..
[14:33:30] TX:BYE..
[14:33:30] TX:BYE..
[14:33:30] RX:TAK..
[14:33:30] TX:BYE..
[14:33:30] TX:BYE..
[14:33:30] TX:BYE..
[14:33:31] TX:BYE..
[14:33:31] RX:TAK..
[14:33:31] TX:BYE..
[14:33:31] TX:BYE..
[14:33:31] TX:BYE..
[14:33:31] TX:BYE..
[14:33:31] TX:BYE..
[14:33:31] TX:BYE..
[14:33:31] TX:BYE..
[14:33:31] TX:BYE..
[14:33:31] TX:BYE..
[14:33:31] TX:BYE..
[14:33:31] TX:BYE..
[14:33:31] TX:BYE..
[14:33:31] TX:BYE..
[14:33:31] TX:BYE..
[14:33:31] TX:BYE..
[14:33:31] TX:BYE..
[14:33:31] TX:BYE..
[14:33:31] TX:BYE..
[14:33:31] TX:BYE..
[14:33:32] TX:BYE..
[14:33:32] TX:BYE..
[14:33:32] TX:BYE..
[14:33:32] TX:BYE..
[14:33:32] TX:BYE..
[14:33:32] TX:BYE..
[14:33:32] TX:BYE..
[14:33:32] TX:BYE..
[14:33:32] TX:BYE..
[14:33:32] TX:BYE..
[14:33:32] TX:BYE..
[14:33:32] TX:BYE..
[14:33:32] TX:BYE..
[14:33:32] TX:BYE..
[14:33:32] TX:BYE..
[14:33:32] TX:BYE..
[14:33:32] TX:BYE..
[14:33:33] TX:BYE..
[14:33:33] TX:BYE..
[14:33:33] TX:BYE..
[14:33:33] TX:BYE..
[14:33:33] TX:BYE..
[14:33:33] RX:BND CAHK 96031222 013813600000 057481041305..
[14:33:33] TX:BND 2222..
[14:33:33] RX:BND CAHK 96031222 13605882494 057496031..
[14:33:34] TX:BND 2222..
[14:33:34] RX:BND CAHK 96031222 13906616369 057496031..
[14:33:34] TX:BND 2222..
[14:33:34] RX:BND CAHK 96031222 013686816907 057481041305..
[14:33:34] TX:BND 2222..
[14:33:34] RX:TAK..
[14:33:34] RX:TAK..
[14:33:34] RX:TAK..
[14:33:34] RX:TAK..
[14:33:35] TX:BYE..
[14:33:35] RX:BND CAHK 96031222 013081888296 057481041305..
[14:33:35] TX:BND 2222..
[14:33:35] RX:BND CAHK 96031222 013961903521 057481041305..
[14:33:35] TX:BND 2222..
[14:33:35] TX:BYE..
[14:33:35] TX:BYE..
[14:33:36] TX:BYE..
[14:33:36] TX:BYE..
[14:33:36] TX:BYE..
[14:33:36] TX:BYE..
[14:33:36] TX:BYE..
[14:33:36] TX:BYE..
[14:33:36] TX:BYE..
[14:33:36] TX:BYE..
[14:33:36] TX:BYE..
[14:33:36] TX:BYE..
[14:33:36] TX:BYE..
[14:33:36] TX:BYE..
[14:33:36] TX:BYE..
[14:33:36] TX:BYE..
[14:33:36] TX:BYE..
[14:33:36] TX:BYE..
[14:33:36] TX:BYE..
[14:33:36] TX:BYE..
[14:33:36] TX:BYE..
[14:33:36] TX:BYE..
[14:33:37] TX:BYE..
[14:33:37] TX:BYE..
[14:33:37] TX:BYE..
[14:33:37] TX:BYE..
[14:33:37] TX:BYE..
[14:33:37] TX:BYE..
[14:33:37] TX:BYE..
[14:33:37] RX:TAK..
[14:33:37] TX:BYE..
[14:33:37] TX:BYE..
[14:33:37] RX:TAK..
[14:33:37] TX:BYE..
[14:33:37] RX:TAK..
[14:33:38] TX:BYE..
[14:33:38] TX:BYE..
[14:33:38] RX:TAK..
[14:33:38] TX:BYE..
[14:33:38] RX:TAK..
[14:33:39] RX:TAK..
[14:33:39] TX:BYE..
[14:33:39] RX:BND CAHK 96031222 013506006448 057481041305..
[14:33:39] TX:BND 2222..
[14:33:39] RX:BND CAHK 96031222 013795371910 057481041305..
[14:33:40] TX:BND 2222..
[14:33:40] RX:TAK..
[14:33:40] RX:BND CAHK 96031222 013713960510 057481041305..
[14:33:40] TX:BND 2222..
[14:33:40] RX:BND CAHK 96031222 013802078319 057481041305..
[14:33:40] TX:BND 2222..
[14:33:40] RX:TAK..
[14:33:41] TX:BYE..
[14:33:41] RX:TAK..
[14:33:41] RX:TAK..
[14:33:41] RX:TAK..
[14:33:42] TX:BYE..
[14:33:42] TX:BYE..
[14:33:42] TX:BYE..
[14:33:43] TX:BYE..
[14:33:44] TX:BYE..
[14:33:44] TX:BYE..
[14:33:44] RX:TAK..
[14:33:44] TX:BYE..
[14:33:45] TX:BYE..
[14:33:45] RX:TAK..
[14:33:47] TX:BYE..
[14:33:48] TX:BYE..
[14:33:48] TX:BYE..
[14:33:49] RX:TAK..
[14:33:49] RX:TAK..
[14:33:51] TX:BYE..
[14:33:51] RX:TAK..
[14:33:51] TX:BYE..
[14:33:51] RX:BND CAHK 96031222 13957891766 057496031..
[14:33:51] TX:BND 2222..
[14:33:51] RX:BND CAHK 96031222 015918705180 057481041305..
[14:33:52] TX:BND 2222..
[14:33:52] RX:BND CAHK 96031222 013318973018 057481041305..
[14:33:52] TX:BND 2222..
[14:33:52] RX:BND CAHK 96031222 013328199710 057481041305..
[14:33:52] TX:BND 2222..
[14:33:52] RX:BND CAHK 96031222 13884451116 057496031..
[14:33:53] TX:BND 2222..
[14:33:53] RX:BND CAHK 96031222 013091174499 057481041305..
[14:33:53] TX:BND 2222..
[14:33:53] RX:BND CAHK 96031222 013957910517 057481041305..
[14:33:54] TX:BND 2222..
[14:33:54] RX:BND CAHK 96031222 13505741572 057496031..
[14:33:54] TX:BND 2222..
[14:33:54] RX:BND CAHK 96031222 13705744702 057496031..
[14:33:54] TX:BND 2222..
[14:33:54] RX:TAK..
[14:33:54] RX:TAK..
[14:33:55] TX:BYE..
[14:33:55] TX:BYE..
[14:33:55] TX:BYE..
[14:33:55] TX:BYE..
[14:33:55] TX:BYE..
[14:33:55] TX:BYE..
[14:33:56] TX:BYE..
[14:33:56] TX:BYE..
[14:33:57] RX:BND CAHK 96031222 013824370883 057481041305..
[14:33:57] TX:BND 2222..
[14:33:57] TX:BYE..
[14:33:57] RX:BND CAHK 96031222 013002559898 057481041305..
[14:33:58] TX:BND 2222..
[14:33:58] RX:BND CAHK 96031222 13757440531 057496031..
[14:33:58] TX:BND 2222..
[14:33:58] RX:BND CAHK 96031222 013402691518 057481041305..
[14:33:58] TX:BND 2222..
[14:33:58] RX:BND CAHK 96031222 13732119500 057496031..
[14:33:59] TX:BND 2222..
[14:33:59] RX:BND CAHK 96031222 013606668685 057481041305..
[14:33:59] TX:BND 2222..
[14:33:59] RX:BND CAHK 96031222 013329195858 057481041305..
[14:34:00] TX:BND 2222..
[14:34:00] RX:BND CAHK 96031222 013455209552 057481041305..
[14:34:00] TX:BND 2222..
[14:34:00] RX:BND CAHK 96031222 13600628450 057496031..
[14:34:00] TX:BND 2222..
[14:34:00] RX:BND CAHK 96031222 013148709796 057481041305..
[14:34:01] TX:BND 2222..
[14:34:01] RX:BND CAHK 96031222 13738860571 057496031..
[14:34:01] TX:BND 2222..
[14:34:01] RX:BND CAHK 96031222 13857810095 057496031..
[14:34:02] TX:BND 2222..
[14:34:02] TX:BYE..
[14:34:02] TX:BYE..
[14:34:02] TX:BYE..
[14:34:03] TX:BYE..
[14:34:03] TX:BYE..
[14:34:03] TX:BYE..
[14:34:04] TX:BYE..
[14:34:04] RX:BND CAHK 96031222 013964702555 057481041305..
[14:34:04] TX:BND 2222..
[14:34:04] TX:BYE..
[14:34:04] TX:BYE..
[14:34:04] TX:BYE..
[14:34:04] TX:BYE..
[14:34:07] RX:BND CAHK 96031222 013322789200 057481041305..
[14:34:08] TX:BND 2222..
[14:34:08] RX:BND CAHK 96031222 013968569320 057481041305..
[14:34:09] TX:BND 2222..
[14:34:10] TX:BYE..
[14:34:10] RX:BND CAHK 96031222 13777015275 057496031..
[14:34:13] TX:BND 2222..
[14:34:13] RX:BND CAHK 96031222 13685853607 057496031..
[14:34:13] TX:BND 2222..
[14:34:13] RX:BND CAHK 96031222 013626871268 057481041305..
[14:34:14] TX:BND 2222..
[14:34:14] RX:TAK..
[14:34:16] TX:BYE..
[14:34:16] RX:BND CAHK 96031222 013456280093 057481041305..
[14:34:16] TX:BND 2222..
[14:34:16] RX:BND CAHK 96031222 013505493989 057481041305..
[14:34:17] TX:BND 2222..
[14:34:17] RX:BND CAHK 96031222 13757400529 057496031..
[14:34:17] TX:BND 2222..
[14:34:17] RX:BND CAHK 96031222 15968080471 057496031..
[14:34:17] TX:BND 2222..
[14:34:17] RX:BND CAHK 96031222 13777071467 057496031..
[14:34:18] TX:BND 2222..
[14:34:18] RX:BND CAHK 96031222 013326600182 057481041305..
[14:34:18] TX:BND 2222..
[14:34:18] RX:TAK..
[14:34:18] TX:BYE..
[14:34:18] RX:BND CAHK 96031222 013610263165 057481041305..
[14:34:19] TX:BND 2222..
[14:34:19] RX:BND CAHK 96031222 13616565800 057496031..
[14:34:19] TX:BND 2222..
[14:34:19] RX:BND CAHK 96031222 013510635888 057481041305..
[14:34:19] TX:BND 2222..
[14:34:19] RX:BND CAHK 96031222 013600900616 057481041305..
[14:34:20] TX:BND 2222..
[14:34:20] TX:BYE..
[14:34:20] RX:BND CAHK 96031222 13757408060 057496031..
[14:34:20] TX:BND 2222..
[14:34:20] RX:BND CAHK 96031222 13616576515 057496031..
[14:34:21] TX:BND 2222..
[14:34:21] RX:BND CAHK 96031222 013801878537 057481041305..
[14:34:21] TX:BND 2222..
[14:34:21] RX:BND CAHK 96031222 13757440527 057496031..
[14:34:21] TX:BND 2222..
[14:34:21] RX:BND CAHK 96031222 13486085937 057496031..
[14:34:22] TX:BND 2222..
[14:34:22] RX:BND CAHK 96031222 013773664987 057481041305..
[14:34:22] TX:BND 2222..
[14:34:22] RX:BND CAHK 96031222 013012862874 057481041305..
[14:34:23] TX:BND 2222..
[14:34:23] RX:BND CAHK 96031222 013510952079 057481041305..
[14:34:23] TX:BND 2222..
[14:34:23] RX:BND CAHK 96031222 013802259220 057481041305..
[14:34:24] TX:BND 2222..
[14:34:24] RX:BND CAHK 96031222 013726318898 057481041305..
[14:34:24] TX:BND 2222..
[14:34:24] RX:BND CAHK 96031222 13566595823 057496031..
[14:34:25] TX:BND 2222..
[14:34:25] RX:BND CAHK 96031222 013701646135 057481041305..
[14:34:27] TX:BND 2222..
[14:34:27] RX:BND CAHK 96031222 13566046282 057496031..
[14:34:28] TX:BND 2222..
[14:34:28] RX:BND CAHK 96031222 013371450666 057481041305..
[14:34:30] TX:BND 2222..
[14:34:30] RX:BND CAHK 96031222 013100014689 057481041305..
[14:34:30] TX:BND 2222..
[14:34:30] RX:BND CAHK 96031222 13805890040 057496031..
[14:34:31] TX:BND 2222..
[14:34:31] RX:BND CAHK 96031222 13605748238 057496031..
[14:34:33] TX:BND 2222..
[14:34:33] RX:BND CAHK 96031222 13805891676 057496031..
[14:34:34] TX:BND 2222..
[14:34:34] RX:BND CAHK 96031222 13757440530 057496031..
[14:34:36] TX:BND 2222..
[14:34:36] RX:BND CAHK 96031222 13685826032 057496031..
[14:34:36] TX:BND 2222..
[14:34:36] RX:BND CAHK 96031222 013585522096 057481041305..
[14:34:36] TX:BND 2222..
[14:34:36] RX:BND CAHK 96031222 13805885570 057496031..
[14:34:37] TX:BND 2222..
[14:34:37] RX:BND CAHK 96031222 013450652927 057481041305..
[14:34:38] TX:BND 2222..
[14:34:38] RX:BND CAHK 96031222 013682211104 057481041305..
[14:34:40] TX:BND 2222..
[14:34:40] RX:BND CAHK 96031222 013957757449 057481041305..
[14:34:40] TX:BND 2222..
[14:34:40] RX:TAK..
[14:34:40] TX:BYE..
[14:34:40] RX:BND CAHK 96031222 013849500060 057481041305..
[14:34:40] TX:BND 2222..
[14:34:40] RX:BND CAHK 96031222 013921882533 057481041305..
[14:34:41] TX:BND 2222..
[14:34:41] RX:BND CAHK 96031222 13805873289 057496031..
[14:34:41] TX:BND 2222..
[14:34:41] RX:BND CAHK 96031222 013360909218 057481041305..
[14:34:42] TX:BND 2222..
[14:34:42] RX:BND CAHK 96031222 013790568986 057481041305..
[14:34:42] TX:BND 2222..
[14:34:42] RX:BND CAHK 96031222 013825080527 057481041305..
[14:34:43] TX:BND 2222..
[14:34:43] RX:BND CAHK 96031222 013858943484 057481041305..
[14:34:43] TX:BND 2222..
[14:34:43] RX:BND CAHK 96031222 013921602505 057481041305..
[14:34:43] TX:BND 2222..
[14:34:43] RX:BND CAHK 96031222 013507750166 057481041305..
[14:34:44] TX:BND 2222..
[14:34:44] RX:BND CAHK 96031222 13736165537 057496031..
[14:34:44] TX:BND 2222..
[14:34:44] RX:BND CAHK 96031222 13567891322 057496031..
[14:34:45] TX:BND 2222..
[14:34:45] RX:BND CAHK 96031222 13819819092 057496031..
[14:34:45] TX:BND 2222..
[14:34:45] TX:BYE..
[14:34:45] RX:BND CAHK 96031222 13989313094 057496031..
[14:34:46] TX:BND 2222..
[14:34:46] RX:BND CAHK 96031222 13738858311 057496031..
[14:34:46] TX:BND 2222..
[14:34:46] RX:BND CAHK 96031222 013853556240 057481041305..
[14:34:46] TX:BND 2222..
[14:34:46] RX:BND CAHK 96031222 013335111368 057481041305..
[14:34:47] TX:BND 2222..
[14:34:47] RX:BND CAHK 96031222 013915772564 057481041305..
[14:34:47] TX:BND 2222..
[14:34:47] RX:BND CAHK 96031222 13616576513 057496031..
[14:34:48] TX:BND 2222..
[14:34:48] RX:BND CAHK 96031222 013907046351 057481041305..
[14:34:48] TX:BND 2222..
[14:34:48] RX:BND CAHK 96031222 15968080150 057496031..
[14:34:49] TX:BND 2222..
[14:34:49] RX:BND CAHK 96031222 013805923917 057481041305..
[14:34:49] TX:BND 2222..
[14:34:49] RX:BND CAHK 96031222 13454702129 057496031..
[14:34:49] TX:BND 2222..
[14:34:49] RX:BND CAHK 96031222 13685857916 057496031..
[14:34:50] TX:BND 2222..
[14:34:50] RX:TAK..
[14:34:50] TX:BYE..
[14:34:50] RX:TAK..
[14:34:50] TX:BYE..
[14:34:50] RX:TAK..
[14:34:50] RX:TAK..
[14:34:50] RX:TAK..
[14:34:50] WARNING: Dropped Connection From 192.168.0.2, Error:=10053
[14:34:50] TX:BYE..
[14:34:50] RX:TAK..
[14:34:50] TX:BYE..
[14:34:50] RX:TAK..
[14:34:50] TX:BYE..
[14:34:50] TX:BYE..
[14:34:50] TX:BYE..
[14:34:50] TX:BYE..
[14:34:50] TX:BYE..
[14:34:50] TX:BYE..
[14:34:50] TX:BYE..
[14:34:50] TX:BYE..
[14:34:50] TX:BYE..
[14:34:50] RX:TAK..
[14:34:50] TX:BYE..
[14:34:50] TX:BYE..
[14:34:50] TX:BYE..
[14:34:50] TX:BYE..
[14:34:50] TX:BYE..
[14:34:50] TX:BYE..
[14:34:50] RX:TAK..
[14:34:50] RX:TAK..
[14:34:50] TX:BYE..
[14:34:50] TX:BYE..
[14:34:50] TX:BYE..
[14:34:51] TX:BYE..
[14:34:51] TX:BYE..
[14:34:51] TX:BYE..
[14:34:51] TX:BYE..
[14:34:51] TX:BYE..
[14:34:51] TX:BYE..
[14:34:51] TX:BYE..
[14:34:51] TX:BYE..
[14:34:51] TX:BYE..
[14:34:51] TX:BYE..
[14:34:51] TX:BYE..
[14:34:51] TX:BYE..
[14:34:51] TX:BYE..
[14:34:51] TX:BYE..
[14:34:51] TX:BYE..
[14:34:51] TX:BYE..
[14:34:51] TX:BYE..
[14:34:51] TX:BYE..
[14:34:51] TX:BYE..
[14:34:51] TX:BYE..
[14:34:51] TX:BYE..
[14:34:51] TX:BYE..
[14:34:51] TX:BYE..
[14:34:52] RX:TAK..
[14:34:53] RX:TAK..
[14:34:53] TX:BYE..
[14:34:53] RX:TAK..
[14:34:53] RX:TAK..
[14:34:53] RX:TAK..
[14:34:54] RX:TAK..
[14:34:54] RX:BND CAHK 96031222 013916645778 057481041305..
[14:34:55] TX:BND 2222..
[14:34:55] RX:BND CAHK 96031222 13429395591 057496031..
[14:34:55] TX:BND 2222..
[14:34:55] TX:BYE..
[14:34:55] RX:BND CAHK 96031222 013869890996 057481041305..
[14:34:55] TX:BND 2222..
[14:34:55] RX:TAK..
[14:34:56] RX:TAK..
[14:34:57] TX:BYE..
[14:34:58] RX:TAK..
[14:34:58] TX:BYE..
[14:34:58] TX:BYE..
[14:34:59] TX:BYE..
[14:34:59] RX:TAK..
[14:34:59] TX:BYE..
[14:35:07] RX:TAK..
[14:35:07] RX:TAK..
[14:35:07] TX:BYE..
[14:35:07] TX:BYE..
[14:35:07] TX:BYE..
[14:35:07] RX:TAK..
[14:35:07] RX:TAK..
[14:35:07] TX:BYE..
[14:35:07] RX:BND CAHK 96031222 13738858366 057496031..
[14:35:07] TX:BND 2222..
[14:35:07] RX:BND CAHK 96031222 013002550086 057481041305..
[14:35:08] TX:BND 2222..
[14:35:08] RX:BND CAHK 96031222 13705744870 057496031..
[14:35:08] TX:BND 2222..
[14:35:08] RX:BND CAHK 96031222 013817501165 057481041305..
[14:35:08] TX:BND 2222..
[14:35:08] RX:BND CAHK 96031222 013824617686 057481041305..
[14:35:09] TX:BND 2222..
[14:35:09] TX:BYE..
[14:35:09] RX:TAK..
[14:35:09] TX:BYE..
[14:35:09] TX:BYE..
[14:35:09] TX:BYE..
[14:35:09] RX:TAK..
[14:35:09] TX:BYE..
[14:35:09] TX:BYE..
[14:35:09] TX:BYE..
[14:35:09] TX:BYE..
[14:35:09] TX:BYE..
[14:35:09] TX:BYE..
[14:35:09] TX:BYE..
[14:35:09] TX:BYE..
[14:35:09] TX:BYE..
[14:35:09] TX:BYE..
[14:35:09] TX:BYE..
[14:35:10] TX:BYE..
[14:35:11] RX:BND CAHK 96031222 013929470156 057481041305..
[14:35:11] TX:BND 2222..
[14:35:11] RX:BND CAHK 96031222 13805848892 057496031..
[14:35:11] TX:BND 2222..
[14:35:11] RX:TAK..
[14:35:12] RX:BND CAHK 96031222 013711589068 057481041305..
[14:35:12] TX:BND 2222..
[14:35:12] RX:BND CAHK 96031222 013006683077 057481041305..
[14:35:12] TX:BND 2222..
[14:35:12] RX:BND CAHK 96031222 013515013234 057481041305..
[14:35:13] TX:BND 2222..
[14:35:13] RX:BND CAHK 96031222 013360356988 057481041305..
[14:35:13] TX:BND 2222..
[14:35:13] RX:BND CAHK 96031222 013006517866 057481041305..
[14:35:13] TX:BND 2222..
[14:35:13] RX:BND CAHK 96031222 013502638202 057481041305..
[14:35:14] TX:BND 2222..
[14:35:14] RX:BND CAHK 96031222 013690061511 057481041305..
[14:35:14] TX:BND 2222..
[14:35:14] TX:BYE..
[14:35:14] RX:TAK..
[14:35:14] TX:BYE..
[14:35:14] TX:BYE..
[14:35:15] TX:BYE..
[14:35:15] TX:BYE..
[14:35:15] TX:BYE..
[14:35:15] TX:BYE..
[14:35:15] TX:BYE..
[14:35:16] RX:BND CAHK 96031222 13736135955 15867500781..
[14:35:17] TX:BND 2222..
[14:35:17] RX:BND CAHK 96031222 013907226532 057481041305..
[14:35:17] TX:BND 2222..
[14:35:17] RX:BND CAHK 96031222 013806298186 057481041305..
[14:35:17] TX:BND 2222..
[14:35:17] RX:BND CAHK 96031222 0133426141886 057481041305..
[14:35:18] TX:BND 2222..
[14:35:18] RX:BND CAHK 96031222 013705190339 057481041305..
[14:35:18] TX:BND 2222..
[14:35:18] TX:BYE..
[14:35:19] TX:BYE..
[14:35:19] TX:BYE..
[14:35:20] TX:BYE..
[14:35:21] TX:BYE..
[14:35:21] TX:BYE..
[14:35:21] RX:TAK..
[14:35:22] RX:BND CAHK 96031222 013042110732 057481041305..
[14:35:24] TX:BND 2222..
[14:35:24] RX:BND CAHK 96031222 013714717235 057481041305..
[14:35:25] TX:BND 2222..
[14:35:25] RX:BND CAHK 96031222 013086935765 057481041305..
[14:35:26] TX:BND 2222..
[14:35:26] RX:TAK..
[14:35:26] TX:BYE..
[14:35:26] RX:BND CAHK 96031222 13586507851 057496031..
[14:35:26] TX:BND 2222..
[14:35:26] RX:BND CAHK 96031222 013609204348 057481041305..
[14:35:27] TX:BND 2222..
[14:35:27] RX:BND CAHK 96031222 013024163000 057481041305..
[14:35:28] TX:BND 2222..
[14:35:28] RX:BND CAHK 96031222 13957499888 057496031..
[14:35:29] TX:BND 2222..
[14:35:29] RX:BND CAHK 96031222 015866869594 057481041305..
[14:35:30] TX:BND 2222..
[14:35:30] RX:TAK..
[14:35:31] TX:BYE..
[14:35:31] RX:BND CAHK 96031222 15968080129 057496031..
[14:35:31] TX:BND 2222..
[14:35:31] RX:BND CAHK 96031222 13857884767 057496031..
[14:35:31] TX:BND 2222..
[14:35:31] RX:BND CAHK 96031222 13616576376 057496031..
[14:35:32] TX:BND 2222..
[14:35:32] RX:BND CAHK 96031222 13967855383 057496031..
[14:35:32] TX:BND 2222..
[14:35:32] RX:BND CAHK 96031222 013486955557 057481041305..
[14:35:33] TX:BND 2222..
[14:35:33] TX:BYE..
[14:35:33] RX:BND CAHK 96031222 013720103033 057481041305..
[14:35:33] TX:BND 2222..
[14:35:33] RX:BND CAHK 96031222 013856379138 057481041305..
[14:35:33] TX:BND 2222..
[14:35:33] RX:BND CAHK 96031222 013510505774 057481041305..
[14:35:34] TX:BND 2222..
[14:35:34] RX:BND CAHK 96031222 15968080132 057496031..
[14:35:34] TX:BND 2222..
[14:35:34] RX:BND CAHK 96031222 013528969198 057481041305..
[14:35:34] TX:BND 2222..
[14:35:34] RX:BND CAHK 96031222 013277927116 057481041305..
[14:35:35] TX:BND 2222..
[14:35:35] RX:BND CAHK 96031222 013857650553 057481041305..
[14:35:35] TX:BND 2222..
[14:35:35] TX:BYE..
[14:35:35] RX:BND CAHK 96031222 13967811835 057496031..
[14:35:36] TX:BND 2222..
[14:35:36] RX:TAK..
[14:35:36] RX:TAK..
[14:35:36] RX:TAK..
[14:35:36] RX:TAK..
[14:35:36] TX:BYE..
[14:35:36] TX:BYE..
[14:35:36] TX:BYE..
[14:35:36] TX:BYE..
[14:35:36] TX:BYE..
[14:35:36] TX:BYE..
[14:35:36] TX:BYE..
[14:35:36] TX:BYE..
[14:35:36] TX:BYE..
[14:35:36] TX:BYE..
[14:35:36] TX:BYE..
[14:35:36] RX:TAK..
[14:35:38] TX:BYE..
[14:35:38] RX:BND CAHK 96031222 013922162139 057481041305..
[14:35:38] TX:BND 2222..
[14:35:38] RX:BND CAHK 96031222 013968327405 057481041305..
[14:35:39] TX:BND 2222..
[14:35:39] RX:BND CAHK 96031222 013729832953 057481041305..
[14:35:39] TX:BND 2222..
[14:35:39] RX:BND CAHK 96031222 013396255399 057481041305..
[14:35:40] TX:BND 2222..
[14:35:40] RX:BND CAHK 96031222 13967819828 057496031..
[14:35:40] TX:BND 2222..
[14:35:40] TX:BYE..
[14:35:40] TX:BYE..
[14:35:41] TX:BYE..
[14:35:42] TX:BYE..
[14:35:42] RX:TAK..
[14:35:42] RX:TAK..
[14:35:43] RX:TAK..
[14:35:43] TX:BYE..
[14:35:43] TX:BYE..
[14:35:43] RX:BND CAHK 96031222 013724688335 057481041305..
[14:35:44] TX:BND 2222..
[14:35:44] RX:BND CAHK 96031222 13605744776 057496031..
[14:35:44] TX:BND 2222..
[14:35:44] RX:BND CAHK 96031222 013714290067 057481041305..
[14:35:45] TX:BND 2222..
[14:35:45] RX:BND CAHK 96031222 013925101402 057481041305..
[14:35:45] TX:BND 2222..
[14:35:45] RX:BND CAHK 96031222 13586926107 057496031..
[14:35:45] TX:BND 2222..
[14:35:45] RX:BND CAHK 96031222 13757440547 057496031..
[14:35:46] TX:BND 2222..
[14:35:46] RX:BND CAHK 96031222 013758977422 057481041305..
[14:35:46] TX:BND 2222..
[14:35:46] RX:BND CAHK 96031222 13685899626 057496031..
[14:35:47] TX:BND 2222..
[14:35:47] RX:BND CAHK 96031222 013601654252 057481041305..
[14:35:47] TX:BND 2222..
[14:35:47] RX:BND CAHK 96031222 013820095608 057481041305..
[14:35:47] TX:BND 2222..
[14:35:47] RX:TAK..
[14:35:47] RX:TAK..
[14:35:47] TX:BYE..
[14:35:48] TX:BYE..
[14:35:48] TX:BYE..
[14:35:49] RX:BND CAHK 96031222 013336779611 057481041305..
[14:35:49] TX:BND 2222..
[14:35:49] RX:TAK..
[14:35:49] TX:BYE..
[14:35:49] TX:BYE..
[14:35:50] RX:TAK..
[14:35:50] RX:TAK..
[14:35:50] RX:TAK..
[14:35:51] TX:BYE..
[14:35:51] RX:TAK..
[14:35:51] TX:BYE..
[14:35:51] TX:BYE..
[14:35:54] TX:BYE..
[14:35:54] RX:TAK..
[14:35:54] TX:BYE..
[14:35:54] TX:BYE..
[14:35:55] RX:TAK..
[14:35:55] RX:BND CAHK 96031222 013609516030 057481041305..
[14:35:55] TX:BND 2222..
[14:35:55] RX:TAK..
[14:35:55] TX:BYE..
[14:35:55] RX:BND CAHK 96031222 013904731540 057481041305..
[14:35:56] TX:BND 2222..
[14:35:56] RX:BND CAHK 96031222 013802649089 057481041305..
[14:35:56] TX:BND 2222..
[14:35:56] RX:BND CAHK 96031222 013980236046 057481041305..
[14:35:56] TX:BND 2222..
[14:35:56] TX:BYE..
[14:35:56] TX:BYE..
[14:35:57] TX:BYE..
[14:35:58] TX:BYE..
[14:35:59] TX:BYE..
[14:36:00] TX:BYE..
[14:36:00] RX:BND CAHK 96031222 13616571362 057496031..
[14:36:01] TX:BND 2222..
[14:36:01] RX:BND CAHK 96031222 013903267330 057481041305..
[14:36:01] TX:BND 2222..
[14:36:01] RX:BND CAHK 96031222 13967828985 057496031..
[14:36:02] TX:BND 2222..
[14:36:02] RX:BND CAHK 96031222 13586571281 057496031..
[14:36:02] TX:BND 2222..
[14:36:02] RX:BND CAHK 96031222 15968080141 057496031..
[14:36:02] TX:BND 2222..
[14:36:02] RX:BND CAHK 96031222 013510733156 057481041305..
[14:36:03] TX:BND 2222..
[14:36:03] RX:BND CAHK 96031222 013032237777 057481041305..
[14:36:03] TX:BND 2222..
[14:36:03] RX:BND CAHK 96031222 013816483949 057481041305..
[14:36:04] TX:BND 2222..
[14:36:04] RX:BND CAHK 96031222 13566544661 057496031..
[14:36:04] TX:BND 2222..
[14:36:04] RX:BND CAHK 96031222 013514980073 057481041305..
[14:36:04] TX:BND 2222..
[14:36:04] RX:BND CAHK 96031222 013792610376 057481041305..
[14:36:05] TX:BND 2222..
[14:36:05] RX:BND CAHK 96031222 013955670108 057481041305..
[14:36:05] TX:BND 2222..
[14:36:05] RX:BND CAHK 96031222 13586583218 057496031..
[14:36:05] TX:BND 2222..
[14:36:05] RX:TAK..
[14:36:06] TX:BYE..
[14:36:06] TX:BYE..
[14:36:06] TX:BYE..
[14:36:06] TX:BYE..
[14:36:06] TX:BYE..
[14:36:06] RX:BND CAHK 96031222 013773660966 057481041305..
[14:36:06] TX:BND 2222..
[14:36:06] RX:BND CAHK 96031222 013535269188 057481041305..
[14:36:07] TX:BND 2222..
[14:36:07] RX:TAK..
[14:36:07] TX:BYE..
[14:36:07] TX:BYE..
[14:36:08] TX:BYE..
[14:36:08] TX:BYE..
[14:36:08] TX:BYE..
[14:36:08] TX:BYE..
[14:36:09] RX:TAK..
[14:36:10] RX:TAK..
[14:36:10] TX:BYE..
[14:36:11] TX:BYE..
[14:36:11] TX:BYE..
[14:36:11] RX:BND CAHK 96031222 013566796295 057481041305..
[14:36:12] TX:BND 2222..
[14:36:12] RX:BND CAHK 96031222 013702560898 057481041305..
[14:36:12] TX:BND 2222..
[14:36:12] RX:BND CAHK 96031222 013588696700 057481041305..
[14:36:12] TX:BND 2222..
[14:36:12] RX:BND CAHK 96031222 13857880621 057496031..
[14:36:13] TX:BND 2222..
[14:36:13] RX:BND CAHK 96031222 13777133036 057496031..
[14:54:33] WARNING: Dropped Connection From 192.168.0.2, Error:=10053
[15:04:49] WARNING: Dropped Connection From 192.168.0.2, Error:=10053
[15:05:37] WARNING: Dropped Connection From 192.168.0.2, Error:=10053
[15:10:45] WARNING: Dropped Connection From 192.168.0.2, Error:=10053
[15:17:56] WARNING: Dropped Connection From 192.168.0.2, Error:=10053
[15:20:18] WARNING: Dropped Connection From 192.168.0.2, Error:=10053
[15:21:29] WARNING: Dropped Connection From 192.168.0.2, Error:=10053
[15:21:40] WARNING: Dropped Connection From 192.168.0.2, Error:=10053
[15:23:41] WARNING: Dropped Connection From 192.168.0.2, Error:=10053
[15:32:49] 程序退出
[15:33:06] 成功加载网络
[15:33:06] 程序启动
[16:37:45] 程序退出
[11:16:32] 成功加载网络
[11:16:32] 程序启动
[11:17:52] ERROR[192.168.0.2]: IDispatch error #3107
[11:18:07] WARNING: Dropped Connection From 192.168.0.2, Error:=10053
[11:18:30] ERROR[192.168.0.2]: IDispatch error #3107
[11:24:02] ERROR[192.168.0.2]: IDispatch error #3107
[11:24:08] ERROR[192.168.0.2]: IDispatch error #3128
[11:24:08] ERROR[192.168.0.2]: IDispatch error #3128
[11:24:21] ERROR[192.168.0.2]: IDispatch error #3107
[11:53:06] 成功加载网络
[11:53:06] 程序启动
[11:57:05] 成功加载网络
[11:57:05] 程序启动
[14:39:29] 成功加载网络
[14:39:29] 程序启动
[14:39:48] 程序退出
[10:36:07] ERROR[CPluginWnd]: IDispatch error #3149
[10:36:07] 成功加载网络
[10:36:08] 程序启动
[10:36:13] ERROR[ReadUserSub]: Unknown error 0x800A0E78
[10:36:19] ERROR[ReadUserSub]: Unknown error 0x800A0E78
[10:36:22] 程序退出
[10:38:17] ERROR[CPluginWnd]: IDispatch error #3149
[10:38:17] 成功加载网络
[10:38:18] 程序启动
[10:38:23] ERROR[ReadUserSub]: Unknown error 0x800A0E78
[10:38:24] 程序退出
[10:38:53] ERROR[CPluginWnd]: IDispatch error #3149
[10:38:53] 成功加载网络
[10:38:54] 程序启动
[10:38:59] ERROR[ReadUserSub]: Unknown error 0x800A0E78
[10:39:05] ERROR[ReadUserSub]: Unknown error 0x800A0E78
[10:39:10] 程序退出
[10:39:12] 成功加载网络
[10:39:12] 程序启动
[10:39:18] 程序退出
