[01:26:49] 成功加载设备
[01:26:49] 成功加载呼出请求
[01:26:49] 成功加载坐席
[01:26:50] 成功加载班长席
[01:29:10] 成功加载设备
[01:29:10] 成功加载呼出请求
[01:29:10] 成功加载坐席
[01:29:10] 成功加载班长席
[01:30:18] 成功加载设备
[01:30:18] 成功加载呼出请求
[01:30:18] 成功加载坐席
[01:30:18] 成功加载班长席
[01:37:06] 成功加载设备
[01:37:06] 成功加载呼出请求
[01:37:06] 成功加载坐席
[01:37:06] 成功加载班长席
[11:55:06] 成功加载设备
[11:55:06] 成功加载呼出请求
[11:55:06] 成功加载坐席
[11:55:06] 成功加载班长席
[11:58:21] 成功加载设备
[11:58:21] 成功加载呼出请求
[11:58:21] 成功加载坐席
[11:58:21] 成功加载班长席
[12:00:23] 成功加载设备
[12:00:23] 成功加载呼出请求
[12:00:23] 成功加载坐席
[12:00:23] 成功加载班长席
[12:00:50] 成功加载设备
[12:00:50] 成功加载呼出请求
[12:00:50] 成功加载坐席
[12:00:50] 成功加载班长席
[12:25:02] 成功加载设备
[12:25:02] 成功加载呼出请求
[12:25:02] 成功加载坐席
[12:25:02] 成功加载班长席
[12:27:33] 成功加载设备
[12:27:33] 成功加载呼出请求
[12:27:33] 成功加载坐席
[12:27:34] 成功加载班长席
[12:36:02] 成功加载设备
[12:36:02] 成功加载呼出请求
[12:36:02] 成功加载坐席
[12:36:02] 成功加载班长席
[12:41:27] 成功加载设备
[12:41:27] 成功加载呼出请求
[12:41:27] 成功加载坐席
[12:41:27] 成功加载班长席
[12:42:36] 成功加载设备
[12:42:36] 成功加载呼出请求
[12:42:37] 成功加载坐席
[12:42:37] 成功加载班长席
[12:49:43] 成功加载设备
[12:49:43] 成功加载呼出请求
[12:49:43] 成功加载坐席
[12:49:43] 成功加载班长席
[12:50:13] 成功加载设备
[12:50:13] 成功加载呼出请求
[12:50:13] 成功加载坐席
[12:50:13] 成功加载班长席
[12:50:47] 成功加载设备
[12:50:47] 成功加载呼出请求
[12:50:47] 成功加载坐席
[12:50:47] 成功加载班长席
[12:51:05] 成功加载设备
[12:51:05] 成功加载呼出请求
[12:51:05] 成功加载坐席
[12:51:05] 成功加载班长席
[12:51:49] 成功加载设备
[12:51:49] 成功加载呼出请求
[12:51:49] 成功加载坐席
[12:51:49] 成功加载班长席
[12:53:01] 成功加载设备
[12:53:01] 成功加载呼出请求
[12:53:01] 成功加载坐席
[12:53:01] 成功加载班长席
[12:55:08] 成功加载设备
[12:55:08] 成功加载呼出请求
[12:55:08] 成功加载坐席
[12:55:08] 成功加载班长席
[12:57:37] 成功加载设备
[12:57:37] 成功加载呼出请求
[12:57:37] 成功加载坐席
[12:57:37] 成功加载班长席
[13:00:25] 成功加载设备
[13:00:25] 成功加载呼出请求
[13:00:25] 成功加载坐席
[13:00:25] 成功加载班长席
[13:07:13] 成功加载设备
[13:07:13] 成功加载呼出请求
[13:07:13] 成功加载坐席
[13:07:13] 成功加载班长席
[13:07:40] 成功加载设备
[13:07:40] 成功加载呼出请求
[13:07:40] 成功加载坐席
[13:07:40] 成功加载班长席
[13:13:42] 成功加载设备
[13:13:42] 成功加载呼出请求
[13:13:42] 成功加载坐席
[13:13:42] 成功加载班长席
[13:15:54] 成功加载设备
[13:15:54] 成功加载呼出请求
[13:15:55] 成功加载坐席
[13:15:55] 成功加载班长席
[13:19:11] 成功加载设备
[13:19:11] 成功加载呼出请求
[13:19:11] 成功加载坐席
[13:19:11] 成功加载班长席
[13:20:23] 成功加载设备
[13:20:23] 成功加载呼出请求
[13:20:23] 成功加载坐席
[13:20:23] 成功加载班长席
[09:18:00] 成功加载设备
[09:18:01] 成功加载坐席
[09:18:01] 成功加载队列
[09:18:53] 成功加载设备
[09:18:53] 成功加载坐席
[09:18:53] 成功加载队列
[09:33:59] 成功加载设备
[09:33:59] 成功加载坐席
[09:33:59] 成功加载队列
[09:38:53] 成功加载设备
[09:38:53] 成功加载坐席
[09:38:53] 成功加载队列
[09:39:55] 成功加载设备
[09:39:55] 成功加载坐席
[09:39:55] 成功加载队列
[10:18:14] 成功加载设备
[10:18:14] 成功加载坐席
[10:18:14] 成功加载队列
[10:29:46] 成功加载设备
[10:29:46] 成功加载坐席
[10:29:46] 成功加载队列
[10:36:23] 成功加载设备
[10:36:23] 成功加载坐席
[10:36:23] 成功加载队列
[11:37:07] 成功加载设备
[11:37:07] 成功加载坐席
[11:37:07] 成功加载队列
[11:41:00] 成功加载设备
[11:41:00] 成功加载坐席
[11:41:00] 成功加载队列
[11:42:13] 成功加载设备
[11:42:23] 成功加载设备
[11:42:34] 成功加载坐席
[11:42:50] 成功加载队列
[11:43:48] 成功加载设备
[11:45:01] 成功加载设备
[11:45:06] 成功加载坐席
[11:45:06] 成功加载队列
[11:48:36] 成功加载设备
[11:48:40] 成功加载坐席
[11:48:40] 成功加载队列
[11:49:46] 成功加载设备
[11:49:47] 成功加载坐席
[11:49:47] 成功加载队列
[12:02:26] 成功加载设备
[12:02:26] 成功加载坐席
[12:02:26] 成功加载队列
[22:10:54] 成功加载设备
[22:10:54] 成功加载坐席
[22:10:54] 成功加载队列
[09:37:46] 成功加载设备
[09:37:46] 成功加载坐席
[09:37:46] 成功加载队列
[09:39:52] 成功加载设备
[09:39:53] 成功加载坐席
[09:39:53] 成功加载队列
[09:54:10] 成功加载设备
[09:54:10] 成功加载坐席
[09:54:10] 成功加载队列
[09:57:47] 成功加载设备
[09:57:47] 成功加载坐席
[09:57:47] 成功加载队列
[10:01:19] 成功加载设备
[10:01:19] 成功加载坐席
[10:01:20] 成功加载队列
[10:02:19] 成功加载设备
[10:02:19] 成功加载坐席
[10:02:19] 成功加载队列
[21:05:47] 成功加载设备
[21:05:47] 成功加载坐席
[21:05:47] 成功加载队列
[11:21:21] 成功加载设备
[11:21:21] 成功加载坐席
[11:21:21] 成功加载队列
[11:22:13] 成功加载设备
[11:22:20] 成功加载坐席
[11:22:22] 成功加载队列
[11:37:02] 成功加载设备
[11:37:02] 成功加载坐席
[11:37:02] 成功加载队列
[11:37:35] 成功加载设备
[11:37:35] 成功加载坐席
[11:37:35] 成功加载队列
[11:38:16] 成功加载设备
[11:38:16] 成功加载坐席
[11:38:16] 成功加载队列
[11:39:19] 成功加载设备
[11:39:19] 成功加载坐席
[11:39:19] 成功加载队列
[11:40:09] 成功加载设备
[11:40:09] 成功加载坐席
[11:40:09] 成功加载队列
[11:44:57] 成功加载设备
[11:44:57] 成功加载坐席
[11:44:57] 成功加载队列
[11:46:21] 成功加载设备
[11:46:21] 成功加载坐席
[11:46:21] 成功加载队列
[11:46:49] 成功加载设备
[11:46:49] 成功加载坐席
[11:46:49] 成功加载队列
[12:03:30] 成功加载设备
[12:03:30] 成功加载坐席
[12:03:30] 成功加载队列
[12:03:40] 成功加载设备
[12:03:40] 成功加载坐席
[12:03:40] 成功加载队列
[12:04:41] 成功加载设备
[12:04:41] 成功加载坐席
[12:04:41] 成功加载队列
[12:10:06] 成功加载设备
[12:10:06] 成功加载坐席
[12:10:06] 成功加载队列
[12:11:55] 成功加载设备
[12:11:55] 成功加载坐席
[12:11:55] 成功加载队列
[12:16:31] 成功加载设备
[12:16:31] 成功加载坐席
[12:16:31] 成功加载队列
[12:18:16] 成功加载设备
[12:18:16] 成功加载坐席
[12:18:16] 成功加载队列
[12:19:03] 成功加载设备
[12:19:03] 成功加载坐席
[12:19:03] 成功加载队列
[12:21:45] 成功加载设备
[12:21:45] 成功加载坐席
[12:21:45] 成功加载队列
[12:23:49] 成功加载设备
[12:23:49] 成功加载坐席
[12:23:49] 成功加载队列
[13:10:47] 成功加载设备
[13:10:47] 成功加载坐席
[13:10:47] 成功加载队列
[13:36:32] 成功加载设备
[13:36:32] 成功加载坐席
[13:36:32] 成功加载队列
[15:09:59] 成功加载设备
[15:09:59] 成功加载坐席
[15:09:59] 成功加载队列
[21:23:00] 成功加载设备
[21:23:00] 成功加载坐席
[21:23:00] 成功加载队列
[21:37:02] 成功加载设备
[21:37:03] 成功加载坐席
[21:37:03] 成功加载队列
[21:38:35] 成功加载设备
[21:38:35] 成功加载坐席
[21:38:35] 成功加载队列
[09:14:04] 成功加载设备
[09:14:04] 成功加载坐席
[09:14:04] 成功加载队列
[09:16:04] 成功加载设备
[09:16:04] 成功加载坐席
[09:16:04] 成功加载队列
[09:17:30] 成功加载设备
[09:17:30] 成功加载坐席
[09:17:30] 成功加载队列
[09:53:19] 成功加载设备
[09:53:19] 成功加载坐席
[09:53:19] 成功加载队列
[13:46:44] 成功加载设备
[13:46:44] 成功加载坐席
[13:46:44] 成功加载队列
[13:48:01] 成功加载设备
[13:48:01] 成功加载坐席
[13:48:02] 成功加载队列
[13:49:12] 成功加载设备
[13:49:12] 成功加载坐席
[13:49:12] 成功加载队列
[13:53:46] 成功加载设备
[13:53:46] 成功加载坐席
[13:53:46] 成功加载队列
[13:54:22] 成功加载设备
[13:54:22] 成功加载坐席
[13:54:22] 成功加载队列
[13:59:54] 成功加载设备
[13:59:54] 成功加载坐席
[13:59:54] 成功加载队列
[14:00:44] 成功加载设备
[14:00:44] 成功加载坐席
[14:00:44] 成功加载队列
[14:02:52] 成功加载设备
[14:02:52] 成功加载坐席
[14:02:52] 成功加载队列
[14:03:43] 成功加载设备
[14:03:43] 成功加载坐席
[14:03:43] 成功加载队列
[14:04:07] 成功加载设备
[14:04:07] 成功加载坐席
[14:04:07] 成功加载队列
[14:06:52] 成功加载设备
[14:06:52] 成功加载坐席
[14:06:52] 成功加载队列
[14:42:00] 成功加载设备
[14:42:00] 成功加载坐席
[14:42:00] 成功加载队列
[14:44:32] 成功加载设备
[14:44:32] 成功加载坐席
[14:44:32] 成功加载队列
[15:55:58] 成功加载设备
[15:55:58] 成功加载坐席
[15:55:58] 成功加载队列
[15:56:41] 成功加载设备
[15:56:41] 成功加载坐席
[15:56:41] 成功加载队列
[15:58:19] 成功加载设备
[15:58:19] 成功加载坐席
[15:58:19] 成功加载队列
[15:59:05] 成功加载设备
[15:59:05] 成功加载坐席
[15:59:06] 成功加载队列
[16:10:20] 成功加载设备
[16:10:20] 成功加载坐席
[16:10:21] 成功加载队列
[16:21:23] 成功加载设备
[16:21:23] 成功加载坐席
[16:21:23] 成功加载队列
[16:22:55] 成功加载设备
[16:22:55] 成功加载坐席
[16:22:55] 成功加载队列
[16:23:42] 成功加载设备
[16:23:42] 成功加载坐席
[16:23:42] 成功加载队列
[16:35:18] 成功加载设备
[16:35:18] 成功加载坐席
[16:35:18] 成功加载队列
[17:02:45] 成功加载设备
[17:02:45] 成功加载坐席
[17:02:45] 成功加载队列
[15:33:07] 成功加载设备
[15:33:07] 成功加载坐席
[15:33:07] 成功加载队列
[15:34:33] 成功加载设备
[15:34:33] 成功加载坐席
[15:34:33] 成功加载队列
[02:37:13] 成功加载设备
[02:37:14] 成功加载坐席
[02:37:14] 成功加载队列
